<?xml version="1.0" encoding="UTF-8"?>
<!-- Generated by org.testng.reporters.JUnitReportReporter -->
<testsuite hostname="PV-X00177745" name="com.auto.test.cases.Recharge" tests="9" failures="0" timestamp="11 Mar 2019 05:33:22 GMT" time="0.799" errors="0">
  <testcase name="testProcess" time="0.086" classname="com.auto.test.cases.Recharge"/>
  <testcase name="testProcess" time="0.107" classname="com.auto.test.cases.Recharge"/>
  <testcase name="testProcess" time="0.074" classname="com.auto.test.cases.Recharge"/>
  <testcase name="testProcess" time="0.087" classname="com.auto.test.cases.Recharge"/>
  <testcase name="testProcess" time="0.087" classname="com.auto.test.cases.Recharge"/>
  <testcase name="testProcess" time="0.082" classname="com.auto.test.cases.Recharge"/>
  <testcase name="testProcess" time="0.082" classname="com.auto.test.cases.Recharge"/>
  <testcase name="testProcess" time="0.084" classname="com.auto.test.cases.Recharge"/>
  <testcase name="testProcess" time="0.110" classname="com.auto.test.cases.Recharge"/>
</testsuite> <!-- com.auto.test.cases.Recharge -->
