<?xml version="1.0" encoding="UTF-8"?>
<!-- Generated by org.testng.reporters.JUnitXMLReporter -->
<testsuite hostname="PV-X00177745" name="lemon" tests="20" failures="0" timestamp="11 Mar 2019 05:33:18 GMT" time="3.054" errors="0">
  <testcase name="testProcess" time="1.011" classname="com.auto.test.cases.Resgister"/>
  <testcase name="testProcess" time="0.077" classname="com.auto.test.cases.Resgister"/>
  <testcase name="testProcess" time="0.087" classname="com.auto.test.cases.Resgister"/>
  <testcase name="testProcess" time="0.076" classname="com.auto.test.cases.Resgister"/>
  <testcase name="testProcess" time="0.08" classname="com.auto.test.cases.Resgister"/>
  <testcase name="testProcess" time="0.086" classname="com.auto.test.cases.Resgister"/>
  <testcase name="testProcess" time="0.081" classname="com.auto.test.cases.Login"/>
  <testcase name="testProcess" time="0.076" classname="com.auto.test.cases.Login"/>
  <testcase name="testProcess" time="0.092" classname="com.auto.test.cases.Login"/>
  <testcase name="testProcess" time="0.091" classname="com.auto.test.cases.Login"/>
  <testcase name="testProcess" time="0.092" classname="com.auto.test.cases.Login"/>
  <testcase name="testProcess" time="0.087" classname="com.auto.test.cases.Recharge"/>
  <testcase name="testProcess" time="0.082" classname="com.auto.test.cases.Recharge"/>
  <testcase name="testProcess" time="0.082" classname="com.auto.test.cases.Recharge"/>
  <testcase name="testProcess" time="0.107" classname="com.auto.test.cases.Recharge"/>
  <testcase name="testProcess" time="0.087" classname="com.auto.test.cases.Recharge"/>
  <testcase name="testProcess" time="0.086" classname="com.auto.test.cases.Recharge"/>
  <testcase name="testProcess" time="0.084" classname="com.auto.test.cases.Recharge"/>
  <testcase name="testProcess" time="0.074" classname="com.auto.test.cases.Recharge"/>
  <testcase name="testProcess" time="0.11" classname="com.auto.test.cases.Recharge"/>
</testsuite> <!-- lemon -->
